
*** Running vivado
    with args -log four_bit_ripple_adder.vds -m64 -product Vivado -mode batch -messageDb vivado.pb -notrace -source four_bit_ripple_adder.tcl


****** Vivado v2018.2 (64-bit)
  **** SW Build 2258646 on Thu Jun 14 20:02:38 MDT 2018
  **** IP Build 2256618 on Thu Jun 14 22:10:49 MDT 2018
    ** Copyright 1986-2018 Xilinx, Inc. All Rights Reserved.

source four_bit_ripple_adder.tcl -notrace
Command: synth_design -top four_bit_ripple_adder -part xc7a35ticsg324-1L
Starting synth_design
Attempting to get a license for feature 'Synthesis' and/or device 'xc7a35ti'
INFO: [Common 17-349] Got license for feature 'Synthesis' and/or device 'xc7a35ti'
INFO: Launching helper process for spawning children vivado processes
INFO: Helper process launched with PID 26968 
---------------------------------------------------------------------------------
Starting RTL Elaboration : Time (s): cpu = 00:00:02 ; elapsed = 00:00:03 . Memory (MB): peak = 1298.301 ; gain = 86.875 ; free physical = 947 ; free virtual = 10088
---------------------------------------------------------------------------------
INFO: [Synth 8-6157] synthesizing module 'four_bit_ripple_adder' [/home/rehan/MERL/FPGA_EMU/4_bit_ripple_adder/4_bit_ripple_adder.srcs/sources_1/new/4_bit_ripple_adder.sv:23]
INFO: [Synth 8-6157] synthesizing module 'Fulladder' [/home/rehan/MERL/FPGA_EMU/4_bit_ripple_adder/4_bit_ripple_adder.srcs/sources_1/imports/new/Full_adder.sv:23]
INFO: [Synth 8-6155] done synthesizing module 'Fulladder' (1#1) [/home/rehan/MERL/FPGA_EMU/4_bit_ripple_adder/4_bit_ripple_adder.srcs/sources_1/imports/new/Full_adder.sv:23]
INFO: [Synth 8-6155] done synthesizing module 'four_bit_ripple_adder' (2#1) [/home/rehan/MERL/FPGA_EMU/4_bit_ripple_adder/4_bit_ripple_adder.srcs/sources_1/new/4_bit_ripple_adder.sv:23]
---------------------------------------------------------------------------------
Finished RTL Elaboration : Time (s): cpu = 00:00:03 ; elapsed = 00:00:04 . Memory (MB): peak = 1342.926 ; gain = 131.500 ; free physical = 953 ; free virtual = 10091
---------------------------------------------------------------------------------

Report Check Netlist: 
+------+------------------+-------+---------+-------+------------------+
|      |Item              |Errors |Warnings |Status |Description       |
+------+------------------+-------+---------+-------+------------------+
|1     |multi_driven_nets |      0|        0|Passed |Multi driven nets |
+------+------------------+-------+---------+-------+------------------+
---------------------------------------------------------------------------------
Start Handling Custom Attributes
---------------------------------------------------------------------------------
---------------------------------------------------------------------------------
Finished Handling Custom Attributes : Time (s): cpu = 00:00:04 ; elapsed = 00:00:05 . Memory (MB): peak = 1342.926 ; gain = 131.500 ; free physical = 953 ; free virtual = 10091
---------------------------------------------------------------------------------
---------------------------------------------------------------------------------
Finished RTL Optimization Phase 1 : Time (s): cpu = 00:00:04 ; elapsed = 00:00:05 . Memory (MB): peak = 1342.926 ; gain = 131.500 ; free physical = 953 ; free virtual = 10091
---------------------------------------------------------------------------------
INFO: [Device 21-403] Loading part xc7a35ticsg324-1L
INFO: [Project 1-570] Preparing netlist for logic optimization

Processing XDC Constraints
Initializing timing engine
Parsing XDC File [/home/rehan/MERL/FPGA_EMU/4_bit_ripple_adder/4_bit_ripple_adder.srcs/constrs_1/imports/new/consraints.xdc]
Finished Parsing XDC File [/home/rehan/MERL/FPGA_EMU/4_bit_ripple_adder/4_bit_ripple_adder.srcs/constrs_1/imports/new/consraints.xdc]
INFO: [Project 1-236] Implementation specific constraints were found while reading constraint file [/home/rehan/MERL/FPGA_EMU/4_bit_ripple_adder/4_bit_ripple_adder.srcs/constrs_1/imports/new/consraints.xdc]. These constraints will be ignored for synthesis but will be used in implementation. Impacted constraints are listed in the file [.Xil/four_bit_ripple_adder_propImpl.xdc].
Resolution: To avoid this warning, move constraints listed in [.Xil/four_bit_ripple_adder_propImpl.xdc] to another XDC file and exclude this new file from synthesis with the used_in_synthesis property (File Properties dialog in GUI) and re-run elaboration/synthesis.
Completed Processing XDC Constraints

INFO: [Project 1-111] Unisim Transformation Summary:
No Unisim elements were transformed.

Constraint Validation Runtime : Time (s): cpu = 00:00:00 ; elapsed = 00:00:00 . Memory (MB): peak = 1628.254 ; gain = 0.000 ; free physical = 648 ; free virtual = 9789
---------------------------------------------------------------------------------
Finished Constraint Validation : Time (s): cpu = 00:00:16 ; elapsed = 00:00:30 . Memory (MB): peak = 1628.254 ; gain = 416.828 ; free physical = 778 ; free virtual = 9919
---------------------------------------------------------------------------------
---------------------------------------------------------------------------------
Start Loading Part and Timing Information
---------------------------------------------------------------------------------
Loading part: xc7a35ticsg324-1L
---------------------------------------------------------------------------------
Finished Loading Part and Timing Information : Time (s): cpu = 00:00:16 ; elapsed = 00:00:30 . Memory (MB): peak = 1628.254 ; gain = 416.828 ; free physical = 778 ; free virtual = 9919
---------------------------------------------------------------------------------
---------------------------------------------------------------------------------
Start Applying 'set_property' XDC Constraints
---------------------------------------------------------------------------------
---------------------------------------------------------------------------------
Finished applying 'set_property' XDC Constraints : Time (s): cpu = 00:00:16 ; elapsed = 00:00:30 . Memory (MB): peak = 1628.254 ; gain = 416.828 ; free physical = 778 ; free virtual = 9919
---------------------------------------------------------------------------------
---------------------------------------------------------------------------------
Finished RTL Optimization Phase 2 : Time (s): cpu = 00:00:16 ; elapsed = 00:00:30 . Memory (MB): peak = 1628.254 ; gain = 416.828 ; free physical = 782 ; free virtual = 9921
---------------------------------------------------------------------------------

Report RTL Partitions: 
+-+--------------+------------+----------+
| |RTL Partition |Replication |Instances |
+-+--------------+------------+----------+
+-+--------------+------------+----------+
---------------------------------------------------------------------------------
Start RTL Component Statistics 
---------------------------------------------------------------------------------
Detailed RTL Component Info : 
+---XORs : 
	   2 Input      1 Bit         XORs := 8     
---------------------------------------------------------------------------------
Finished RTL Component Statistics 
---------------------------------------------------------------------------------
---------------------------------------------------------------------------------
Start RTL Hierarchical Component Statistics 
---------------------------------------------------------------------------------
Hierarchical RTL Component report 
Module Fulladder 
Detailed RTL Component Info : 
+---XORs : 
	   2 Input      1 Bit         XORs := 2     
---------------------------------------------------------------------------------
Finished RTL Hierarchical Component Statistics
---------------------------------------------------------------------------------
---------------------------------------------------------------------------------
Start Part Resource Summary
---------------------------------------------------------------------------------
Part Resources:
DSPs: 90 (col length:60)
BRAMs: 100 (col length: RAMB18 60 RAMB36 30)
---------------------------------------------------------------------------------
Finished Part Resource Summary
---------------------------------------------------------------------------------
---------------------------------------------------------------------------------
Start Cross Boundary and Area Optimization
---------------------------------------------------------------------------------
Warning: Parallel synthesis criteria is not met 
---------------------------------------------------------------------------------
Finished Cross Boundary and Area Optimization : Time (s): cpu = 00:00:17 ; elapsed = 00:00:31 . Memory (MB): peak = 1628.254 ; gain = 416.828 ; free physical = 775 ; free virtual = 9917
---------------------------------------------------------------------------------

Report RTL Partitions: 
+-+--------------+------------+----------+
| |RTL Partition |Replication |Instances |
+-+--------------+------------+----------+
+-+--------------+------------+----------+
---------------------------------------------------------------------------------
Start Applying XDC Timing Constraints
---------------------------------------------------------------------------------
---------------------------------------------------------------------------------
Finished Applying XDC Timing Constraints : Time (s): cpu = 00:00:25 ; elapsed = 00:00:42 . Memory (MB): peak = 1628.254 ; gain = 416.828 ; free physical = 653 ; free virtual = 9794
---------------------------------------------------------------------------------
---------------------------------------------------------------------------------
Start Timing Optimization
---------------------------------------------------------------------------------
---------------------------------------------------------------------------------
Finished Timing Optimization : Time (s): cpu = 00:00:25 ; elapsed = 00:00:42 . Memory (MB): peak = 1628.254 ; gain = 416.828 ; free physical = 653 ; free virtual = 9794
---------------------------------------------------------------------------------

Report RTL Partitions: 
+-+--------------+------------+----------+
| |RTL Partition |Replication |Instances |
+-+--------------+------------+----------+
+-+--------------+------------+----------+
---------------------------------------------------------------------------------
Start Technology Mapping
---------------------------------------------------------------------------------
---------------------------------------------------------------------------------
Finished Technology Mapping : Time (s): cpu = 00:00:25 ; elapsed = 00:00:42 . Memory (MB): peak = 1628.254 ; gain = 416.828 ; free physical = 652 ; free virtual = 9793
---------------------------------------------------------------------------------

Report RTL Partitions: 
+-+--------------+------------+----------+
| |RTL Partition |Replication |Instances |
+-+--------------+------------+----------+
+-+--------------+------------+----------+
---------------------------------------------------------------------------------
Start IO Insertion
---------------------------------------------------------------------------------
---------------------------------------------------------------------------------
Start Flattening Before IO Insertion
---------------------------------------------------------------------------------
---------------------------------------------------------------------------------
Finished Flattening Before IO Insertion
---------------------------------------------------------------------------------
---------------------------------------------------------------------------------
Start Final Netlist Cleanup
---------------------------------------------------------------------------------
---------------------------------------------------------------------------------
Finished Final Netlist Cleanup
---------------------------------------------------------------------------------
---------------------------------------------------------------------------------
Finished IO Insertion : Time (s): cpu = 00:00:26 ; elapsed = 00:00:43 . Memory (MB): peak = 1628.254 ; gain = 416.828 ; free physical = 645 ; free virtual = 9788
---------------------------------------------------------------------------------

Report Check Netlist: 
+------+------------------+-------+---------+-------+------------------+
|      |Item              |Errors |Warnings |Status |Description       |
+------+------------------+-------+---------+-------+------------------+
|1     |multi_driven_nets |      0|        0|Passed |Multi driven nets |
+------+------------------+-------+---------+-------+------------------+
---------------------------------------------------------------------------------
Start Renaming Generated Instances
---------------------------------------------------------------------------------
---------------------------------------------------------------------------------
Finished Renaming Generated Instances : Time (s): cpu = 00:00:26 ; elapsed = 00:00:43 . Memory (MB): peak = 1628.254 ; gain = 416.828 ; free physical = 645 ; free virtual = 9788
---------------------------------------------------------------------------------

Report RTL Partitions: 
+-+--------------+------------+----------+
| |RTL Partition |Replication |Instances |
+-+--------------+------------+----------+
+-+--------------+------------+----------+
---------------------------------------------------------------------------------
Start Rebuilding User Hierarchy
---------------------------------------------------------------------------------
---------------------------------------------------------------------------------
Finished Rebuilding User Hierarchy : Time (s): cpu = 00:00:26 ; elapsed = 00:00:43 . Memory (MB): peak = 1628.254 ; gain = 416.828 ; free physical = 645 ; free virtual = 9788
---------------------------------------------------------------------------------
---------------------------------------------------------------------------------
Start Renaming Generated Ports
---------------------------------------------------------------------------------
---------------------------------------------------------------------------------
Finished Renaming Generated Ports : Time (s): cpu = 00:00:26 ; elapsed = 00:00:43 . Memory (MB): peak = 1628.254 ; gain = 416.828 ; free physical = 645 ; free virtual = 9788
---------------------------------------------------------------------------------
---------------------------------------------------------------------------------
Start Handling Custom Attributes
---------------------------------------------------------------------------------
---------------------------------------------------------------------------------
Finished Handling Custom Attributes : Time (s): cpu = 00:00:26 ; elapsed = 00:00:43 . Memory (MB): peak = 1628.254 ; gain = 416.828 ; free physical = 645 ; free virtual = 9788
---------------------------------------------------------------------------------
---------------------------------------------------------------------------------
Start Renaming Generated Nets
---------------------------------------------------------------------------------
---------------------------------------------------------------------------------
Finished Renaming Generated Nets : Time (s): cpu = 00:00:26 ; elapsed = 00:00:43 . Memory (MB): peak = 1628.254 ; gain = 416.828 ; free physical = 645 ; free virtual = 9788
---------------------------------------------------------------------------------
---------------------------------------------------------------------------------
Start Writing Synthesis Report
---------------------------------------------------------------------------------

Report BlackBoxes: 
+-+--------------+----------+
| |BlackBox name |Instances |
+-+--------------+----------+
+-+--------------+----------+

Report Cell Usage: 
+------+-----+------+
|      |Cell |Count |
+------+-----+------+
|1     |LUT3 |     2|
|2     |LUT5 |     4|
|3     |IBUF |     9|
|4     |OBUF |     5|
+------+-----+------+

Report Instance Areas: 
+------+---------+-------+------+
|      |Instance |Module |Cells |
+------+---------+-------+------+
|1     |top      |       |    20|
+------+---------+-------+------+
---------------------------------------------------------------------------------
Finished Writing Synthesis Report : Time (s): cpu = 00:00:26 ; elapsed = 00:00:43 . Memory (MB): peak = 1628.254 ; gain = 416.828 ; free physical = 645 ; free virtual = 9788
---------------------------------------------------------------------------------
Synthesis finished with 0 errors, 0 critical warnings and 0 warnings.
Synthesis Optimization Runtime : Time (s): cpu = 00:00:16 ; elapsed = 00:00:21 . Memory (MB): peak = 1628.254 ; gain = 131.500 ; free physical = 685 ; free virtual = 9828
Synthesis Optimization Complete : Time (s): cpu = 00:00:26 ; elapsed = 00:00:43 . Memory (MB): peak = 1628.262 ; gain = 416.828 ; free physical = 685 ; free virtual = 9828
INFO: [Project 1-571] Translating synthesized netlist
INFO: [Netlist 29-17] Analyzing 9 Unisim elements for replacement
INFO: [Netlist 29-28] Unisim Transformation completed in 0 CPU seconds
INFO: [Project 1-570] Preparing netlist for logic optimization
INFO: [Opt 31-138] Pushed 0 inverter(s) to 0 load pin(s).
INFO: [Project 1-111] Unisim Transformation Summary:
No Unisim elements were transformed.

INFO: [Common 17-83] Releasing license: Synthesis
16 Infos, 0 Warnings, 0 Critical Warnings and 0 Errors encountered.
synth_design completed successfully
synth_design: Time (s): cpu = 00:00:28 ; elapsed = 00:00:44 . Memory (MB): peak = 1639.254 ; gain = 440.406 ; free physical = 674 ; free virtual = 9815
WARNING: [Constraints 18-5210] No constraint will be written out.
INFO: [Common 17-1381] The checkpoint '/home/rehan/MERL/FPGA_EMU/4_bit_ripple_adder/4_bit_ripple_adder.runs/synth_1/four_bit_ripple_adder.dcp' has been generated.
INFO: [runtcl-4] Executing : report_utilization -file four_bit_ripple_adder_utilization_synth.rpt -pb four_bit_ripple_adder_utilization_synth.pb
report_utilization: Time (s): cpu = 00:00:00.06 ; elapsed = 00:00:00.09 . Memory (MB): peak = 1663.266 ; gain = 0.000 ; free physical = 678 ; free virtual = 9819
INFO: [Common 17-206] Exiting Vivado at Thu Feb  3 23:10:29 2022...
